                          CONFORMAL (R)
                   Version 23.10-s300 (30-Aug-2023) (64 bit executable)
   Copyright (c) Cadence Design Systems, Inc., 1997-2023. All Rights Reserved


This program is proprietary and confidential information belonging to
Cadence Design Systems, Inc., and may be used and disclosed only as authorized
in a license agreement controlling such use and disclosure.

// Warning: This version is 1020 days old. You can download the latest version from http://downloads.cadence.com.

CPU time     : 1.21    seconds
Elapse time  : 34      seconds
Memory usage : 68.19   M bytes
// Command: read library /home/user_74/projects/new_fp/pdk_files/lib/slow_vdd1v0_basiccells.v -verilog -both
// Parsing file /home/user_74/projects/new_fp/pdk_files/lib/slow_vdd1v0_basiccells.v ...
// Warning: (RTL14.1) Fanout load of the signal is removed (occurrence:56)
// Warning: (VLG5.5) Internal primitive is recognized (occurrence:120)
// Warning: (VLG5.6) Named port association is ignored for primitive gate (occurrence:120)
// Warning: (IGN7.1) trireg net is modeled as a latch to hold value (occurrence:1)
// Warning: (HRC1.4) Module/entity is empty (blackboxed) (occurrence:1)
// Note: (HRC3.5b) Open output port connection is detected (occurrence:80)
// Warning: (HRC3.10b) An input port is declared, but it is not used. Module is empty (occurrence:1)
// Note: Read VERILOG library successfully
CPU time     : 1.41    seconds
Elapse time  : 36      seconds
Memory usage : 91.17   M bytes
// Command: read design -verilog -golden \
//          /home/user_74/projects/new_fp/rtl/ALU.v \
//          /home/user_74/projects/new_fp/rtl/ASYNC_FIFO_BIT_SYNC.v \
//          /home/user_74/projects/new_fp/rtl/ASYNC_FIFO_READ.v \
//          /home/user_74/projects/new_fp/rtl/ASYNC_FIFO_TOP.v \
//          /home/user_74/projects/new_fp/rtl/ASYNC_FIFO_WRITE.v \
//          /home/user_74/projects/new_fp/rtl/CLK_DIV_MUX.v \
//          /home/user_74/projects/new_fp/rtl/CLK_DIV.v \
//          /home/user_74/projects/new_fp/rtl/CLK_GATE.v \
//          /home/user_74/projects/new_fp/rtl/DATA_SYNC.v \
//          /home/user_74/projects/new_fp/rtl/Deserializer.v \
//          /home/user_74/projects/new_fp/rtl/Edge_Bit_Counter.v \
//          /home/user_74/projects/new_fp/rtl/FIFO_MEMORY.v \
//          /home/user_74/projects/new_fp/rtl/FSM_TX.v \
//          /home/user_74/projects/new_fp/rtl/Parity_Calc.v \
//          /home/user_74/projects/new_fp/rtl/Parity_Chk.v \
//          /home/user_74/projects/new_fp/rtl/pulse_Gen.v \
//          /home/user_74/projects/new_fp/rtl/Register_File.v \
//          /home/user_74/projects/new_fp/rtl/RST_SYNC.v \
//          /home/user_74/projects/new_fp/rtl/RX_FSM.v \
//          /home/user_74/projects/new_fp/rtl/Sampling.v \
//          /home/user_74/projects/new_fp/rtl/Serializer.v \
//          /home/user_74/projects/new_fp/rtl/Start_Chk.v \
//          /home/user_74/projects/new_fp/rtl/Stop_Chk.v \
//          /home/user_74/projects/new_fp/rtl/Sys_Ctrl.v \
//          /home/user_74/projects/new_fp/rtl/System_Top.v \
//          /home/user_74/projects/new_fp/rtl/UART_RX_TOP.v \
//          /home/user_74/projects/new_fp/rtl/UART_TOP.v \
//          /home/user_74/projects/new_fp/rtl/UART_TX_TOP.v \
// Parsing file /home/user_74/projects/new_fp/rtl/ALU.v ...
// Parsing file /home/user_74/projects/new_fp/rtl/ASYNC_FIFO_BIT_SYNC.v ...
// Parsing file /home/user_74/projects/new_fp/rtl/ASYNC_FIFO_READ.v ...
// Parsing file /home/user_74/projects/new_fp/rtl/ASYNC_FIFO_TOP.v ...
// Parsing file /home/user_74/projects/new_fp/rtl/ASYNC_FIFO_WRITE.v ...
// Parsing file /home/user_74/projects/new_fp/rtl/CLK_DIV_MUX.v ...
// Parsing file /home/user_74/projects/new_fp/rtl/CLK_DIV.v ...
// Parsing file /home/user_74/projects/new_fp/rtl/CLK_GATE.v ...
// Parsing file /home/user_74/projects/new_fp/rtl/DATA_SYNC.v ...
// Parsing file /home/user_74/projects/new_fp/rtl/Deserializer.v ...
// Parsing file /home/user_74/projects/new_fp/rtl/Edge_Bit_Counter.v ...
// Parsing file /home/user_74/projects/new_fp/rtl/FIFO_MEMORY.v ...
// Parsing file /home/user_74/projects/new_fp/rtl/FSM_TX.v ...
// Parsing file /home/user_74/projects/new_fp/rtl/Parity_Calc.v ...
// Parsing file /home/user_74/projects/new_fp/rtl/Parity_Chk.v ...
// Parsing file /home/user_74/projects/new_fp/rtl/pulse_Gen.v ...
// Parsing file /home/user_74/projects/new_fp/rtl/Register_File.v ...
// Parsing file /home/user_74/projects/new_fp/rtl/RST_SYNC.v ...
// Parsing file /home/user_74/projects/new_fp/rtl/RX_FSM.v ...
// Parsing file /home/user_74/projects/new_fp/rtl/Sampling.v ...
// Parsing file /home/user_74/projects/new_fp/rtl/Serializer.v ...
// Parsing file /home/user_74/projects/new_fp/rtl/Start_Chk.v ...
// Parsing file /home/user_74/projects/new_fp/rtl/Stop_Chk.v ...
// Parsing file /home/user_74/projects/new_fp/rtl/Sys_Ctrl.v ...
// Parsing file /home/user_74/projects/new_fp/rtl/System_Top.v ...
// Parsing file /home/user_74/projects/new_fp/rtl/UART_RX_TOP.v ...
// Parsing file /home/user_74/projects/new_fp/rtl/UART_TOP.v ...
// Parsing file /home/user_74/projects/new_fp/rtl/UART_TX_TOP.v ...
// Golden root module is set to 'SYS_TOP'
// Warning: (RTL1.4) Assignment with LHS bit width is greater than RHS bit width (occurrence:4)
// Warning: (RTL1.5a) Assignment with RHS bit width is greater than LHS bit width (occurrence:6)
// Warning: (RTL1.5b) Potential loss of RHS msb or carry-out bit (occurrence:11)
// Note: (RTL5.5a) Default case item with non-X assignment(s) (occurrence:17)
// Note: (RTL5.6) Case statement with no default (occurrence:1)
// Warning: (RTL6.3) X created when divisor equals to zero (occurrence:1)
// Warning: (RTL7.4) Array index in LHS might be out of range (occurrence:2)
// Warning: (RTL7.10a) Comparison with different data sizes (occurrence:4)
// Warning: (RTL7.10b) Ternary branches have different data sizes (occurrence:1)
// Warning: (RTL7.13) Logical operator is applied to multiple-bit operand (occurrence:2)
// Note: (RTL8.2) Latch(es) are inferred due to self assignment (occurrence:1)
// Note: (VLG6.4) Supported system datapath function call (occurrence:5)
// Warning: (VLG15.2) Generate block is not named explicitly by user. LEC will use IEEE naming convention (occurrence:1)
// Warning: (HRC3.16) A wire is declared, but not used in the module (occurrence:2)
// Note: Read VERILOG design successfully
CPU time     : 1.79    seconds
Elapse time  : 42      seconds
Memory usage : 108.26  M bytes
// Command: read design /home/user_74/projects/new_fp/synth/outputs/multi_clk_netlist.v -verilog -revised
// Parsing file /home/user_74/projects/new_fp/synth/outputs/multi_clk_netlist.v ...
// Revised root module is set to 'SYS_TOP'
// Warning: (RTL2.5) Net is referenced without an assignment. Design verification will be based on set_undriven_signal setting (occurrence:1)
// Warning: (RTL14) Signal has input but it has no output (occurrence:1)
// Warning: (HRC3.10a) An input port is declared, but it is not completely used in the module (occurrence:1)
// Note: Read VERILOG design successfully
CPU time     : 2.08    seconds
Elapse time  : 47      seconds
Memory usage : 108.30  M bytes
// Command: set root module SYS_TOP -both
// Warning: Golden root module is already at 'SYS_TOP'
// Warning: Revised root module is already at 'SYS_TOP'
// Command: set flatten model -seq_constant
// Command: set undriven signal 0
// Command: set system mode lec
// Processing Golden ...
// Modeling Golden ...
// Warning: (F34) Converted 8 X assignment(s) as don't care(s)
// Processing Revised ...
// Modeling Revised ...
// Balanced modeling (auto) mapped 724 out of 725 DFF/DLATs
// (F18) Converted 1 DFF/DLAT(s) in (G) to ZERO/ONE
// Warning: Undriven signals are tied to ZERO
// (F65.1) Tied 1 undriven signal(s) to ZERO
CPU time     : 2.59    seconds
Elapse time  : 53      seconds
Memory usage : 127.46  M bytes
// Warning: Golden and Revised have different numbers of key points:
// Golden  key points = 370
// Revised key points = 369
// Mapping key points ...
================================================================================
Mapped points: SYSTEM class
--------------------------------------------------------------------------------
Mapped points     PI     PO     DFF    DLAT      Total   
--------------------------------------------------------------------------------
Golden            4      3      361    1         369     
--------------------------------------------------------------------------------
Revised           4      3      361    1         369     
================================================================================
Unmapped points:
================================================================================
Golden:
--------------------------------------------------------------------------------
Unmapped points   DFF       Total   
--------------------------------------------------------------------------------
Unreachable       1         1       
================================================================================
CPU time     : 2.73    seconds
Elapse time  : 54      seconds
Memory usage : 127.91  M bytes
// Command: set compare effort high
// Command: set mapping method -name guide -phase
// Command: map key points
// Mapping key points ...
================================================================================
Mapped points: SYSTEM class
--------------------------------------------------------------------------------
Mapped points     PI     PO     DFF    DLAT      Total   
--------------------------------------------------------------------------------
Golden            4      3      361    1         369     
--------------------------------------------------------------------------------
Revised           4      3      361    1         369     
================================================================================
Unmapped points:
================================================================================
Golden:
--------------------------------------------------------------------------------
Unmapped points   DFF       Total   
--------------------------------------------------------------------------------
Unreachable       1         1       
================================================================================
// Command: add compared points -all
// 365 compared points added to compare list
// Command: compare
================================================================================
Compared points      PO     DFF    DLAT      Total   
--------------------------------------------------------------------------------
Equivalent           3      361    1         365     
================================================================================
CPU time     : 3.41    seconds
Elapse time  : 57      seconds
Memory usage : 180.39  M bytes
// Command: analyze compare
// Error: analyze compare can only be used with Smart LEC license.
